<?xml version="1.0" encoding="UTF-8"?>
<!-- Generated by org.testng.reporters.JUnitReportReporter -->
<testsuite hostname="DESKTOP-QOG1AO3" failures="0" tests="6" name="TestNG.Demo_testng" time="0.084" errors="0" timestamp="2023-11-07T20:12:23 IST" skipped="0">
  <testcase classname="TestNG.Demo_testng" name="m6" time="0.024">
    <system-out>
      <![CDATA[hello]]>
    </system-out>
  </testcase> <!-- m6 -->
  <testcase classname="TestNG.Demo_testng" name="m1" time="0.016">
    <system-out>
      <![CDATA[hiiii]]>
    </system-out>
  </testcase> <!-- m1 -->
  <testcase classname="TestNG.Demo_testng" name="m5" time="0.015">
    <system-out>
      <![CDATA[byby]]>
    </system-out>
  </testcase> <!-- m5 -->
  <testcase classname="TestNG.Demo_testng" name="m4" time="0.005">
    <system-out>
      <![CDATA[haha]]>
    </system-out>
  </testcase> <!-- m4 -->
  <testcase classname="TestNG.Demo_testng" name="m2" time="0.008">
    <system-out>
      <![CDATA[hello]]>
    </system-out>
  </testcase> <!-- m2 -->
  <testcase classname="TestNG.Demo_testng" name="m3" time="0.016">
    <system-out>
      <![CDATA[by]]>
    </system-out>
  </testcase> <!-- m3 -->
  <system-out>
    <![CDATA[hiiii
hello
by
haha
byby
hello]]>
  </system-out>
</testsuite> <!-- TestNG.Demo_testng -->
