<?xml version="1.0" encoding="UTF-8"?>
<!-- Generated by org.testng.reporters.JUnitReportReporter -->
<testsuite hostname="DESKTOP-QOG1AO3" failures="0" tests="3" name="TestNG.Priority" time="0.033" errors="0" timestamp="2023-11-04T16:03:09 IST" skipped="0">
  <testcase classname="TestNG.Priority" name="TC3" time="0.016">
    <system-out>
      <![CDATA[I am running TC3]]>
    </system-out>
  </testcase> <!-- TC3 -->
  <testcase classname="TestNG.Priority" name="TC1" time="0.011">
    <system-out>
      <![CDATA[I am running TC1]]>
    </system-out>
  </testcase> <!-- TC1 -->
  <testcase classname="TestNG.Priority" name="TC2" time="0.006">
    <system-out>
      <![CDATA[I am running TC2]]>
    </system-out>
  </testcase> <!-- TC2 -->
  <system-out>
    <![CDATA[I am running TC3
I am running TC1
I am running TC2]]>
  </system-out>
</testsuite> <!-- TestNG.Priority -->
