<?xml version="1.0" encoding="UTF-8"?>
<!-- Generated by org.testng.reporters.JUnitReportReporter -->
<testsuite hostname="DESKTOP-QOG1AO3" failures="0" tests="2" name="TestNG.InvocationCount" time="0.037" errors="0" timestamp="2023-11-04T15:43:22 IST" skipped="0">
  <testcase classname="TestNG.InvocationCount" name="TC1" time="0.027">
    <system-out>
      <![CDATA[RunnigTC1]]>
    </system-out>
  </testcase> <!-- TC1 -->
  <testcase classname="TestNG.InvocationCount" name="TC1" time="0.010">
    <system-out>
      <![CDATA[RunnigTC1]]>
    </system-out>
  </testcase> <!-- TC1 -->
  <system-out>
    <![CDATA[RunnigTC1
RunnigTC1]]>
  </system-out>
</testsuite> <!-- TestNG.InvocationCount -->
