<?xml version="1.0" encoding="UTF-8"?>
<!-- Generated by org.testng.reporters.JUnitReportReporter -->
<testsuite hostname="DESKTOP-QOG1AO3" failures="0" tests="2" name="Batchexecution.Demo2" time="0.009" errors="0" timestamp="2023-11-05T15:32:11 IST" skipped="0">
  <testcase classname="Batchexecution.Demo2" name="TC4" time="0.005">
    <system-out>
      <![CDATA[Running TC4]]>
    </system-out>
  </testcase> <!-- TC4 -->
  <testcase classname="Batchexecution.Demo2" name="TC3" time="0.004">
    <system-out>
      <![CDATA[Running TC3]]>
    </system-out>
  </testcase> <!-- TC3 -->
  <system-out>
    <![CDATA[Running TC2
Running TC3
Running TC4
Running TC5
Running TC6]]>
  </system-out>
</testsuite> <!-- Batchexecution.Demo2 -->
