<?xml version="1.0" encoding="UTF-8"?>
<!-- Generated by org.testng.reporters.JUnitReportReporter -->
<testsuite hostname="DESKTOP-QOG1AO3" failures="0" tests="2" name="TestNG.DependsOnMethods" time="0.016" errors="0" timestamp="2023-11-04T16:43:06 IST" skipped="0">
  <testcase classname="TestNG.DependsOnMethods" name="logout" time="0.004">
    <system-out>
      <![CDATA[TC2]]>
    </system-out>
  </testcase> <!-- logout -->
  <testcase classname="TestNG.DependsOnMethods" name="login" time="0.012">
    <system-out>
      <![CDATA[TC1]]>
    </system-out>
  </testcase> <!-- login -->
  <system-out>
    <![CDATA[TC1
TC2]]>
  </system-out>
</testsuite> <!-- TestNG.DependsOnMethods -->
