<?xml version="1.0" encoding="UTF-8"?>
<!-- Generated by org.testng.reporters.JUnitReportReporter -->
<testsuite hostname="DESKTOP-QOG1AO3" failures="0" tests="2" name="Batchexecution.Demo3" time="0.011" errors="0" timestamp="2023-11-05T15:32:11 IST" skipped="0">
  <testcase classname="Batchexecution.Demo3" name="TC6" time="0.003">
    <system-out>
      <![CDATA[Running TC6]]>
    </system-out>
  </testcase> <!-- TC6 -->
  <testcase classname="Batchexecution.Demo3" name="TC5" time="0.008">
    <system-out>
      <![CDATA[Running TC5]]>
    </system-out>
  </testcase> <!-- TC5 -->
  <system-out>
    <![CDATA[Running TC2
Running TC3
Running TC4
Running TC5
Running TC6]]>
  </system-out>
</testsuite> <!-- Batchexecution.Demo3 -->
