<?xml version="1.0" encoding="UTF-8"?>
<!-- Generated by org.testng.reporters.JUnitReportReporter -->
<testsuite hostname="DESKTOP-QOG1AO3" failures="0" tests="2" name="Batchexecution.Sample3" time="0.009" errors="0" timestamp="2023-11-05T15:32:48 IST" skipped="0">
  <testcase classname="Batchexecution.Sample3" name="TC6" time="0.007">
    <system-out>
      <![CDATA[Running TC6]]>
    </system-out>
  </testcase> <!-- TC6 -->
  <testcase classname="Batchexecution.Sample3" name="TC5" time="0.002">
    <system-out>
      <![CDATA[Running TC5]]>
    </system-out>
  </testcase> <!-- TC5 -->
  <system-out>
    <![CDATA[Running TC3
Running TC4
Running TC5
Running TC6
Running TC1
Running TC2]]>
  </system-out>
</testsuite> <!-- Batchexecution.Sample3 -->
