<?xml version="1.0" encoding="UTF-8"?>
<!-- Generated by org.testng.reporters.JUnitReportReporter -->
<testsuite hostname="DESKTOP-QOG1AO3" failures="0" tests="1" name="TestNG.Testng_Demo" time="0.015" errors="0" timestamp="2023-11-05T02:19:59 IST" skipped="0">
  <testcase classname="TestNG.Testng_Demo" name="m1" time="0.015">
    <system-out>
      <![CDATA[Hii]]>
    </system-out>
  </testcase> <!-- m1 -->
  <system-out>
    <![CDATA[Hii]]>
  </system-out>
</testsuite> <!-- TestNG.Testng_Demo -->
