<?xml version="1.0" encoding="UTF-8"?>
<!-- Generated by org.testng.reporters.JUnitReportReporter -->
<testsuite hostname="DESKTOP-QOG1AO3" failures="0" tests="5" name="TestNG.Enabled" time="0.016" errors="0" timestamp="2023-11-04T16:20:15 IST" skipped="2">
  <testcase classname="TestNG.Enabled" name="TC3" time="0.002">
    <system-out>
      <![CDATA[TC3]]>
    </system-out>
  </testcase> <!-- TC3 -->
  <testcase classname="TestNG.Enabled" name="TC1" time="0.011">
    <system-out>
      <![CDATA[TC1]]>
    </system-out>
  </testcase> <!-- TC1 -->
  <testcase classname="TestNG.Enabled" name="TC5" time="0.003">
    <system-out>
      <![CDATA[TC5]]>
    </system-out>
  </testcase> <!-- TC5 -->
  <testcase classname="TestNG.Enabled" name="TC4">
    <skipped/>
  </testcase> <!-- TC4 -->
  <testcase classname="TestNG.Enabled" name="TC2">
    <skipped/>
  </testcase> <!-- TC2 -->
  <system-out>
    <![CDATA[TC1
TC3
TC5]]>
  </system-out>
</testsuite> <!-- TestNG.Enabled -->
