<?xml version="1.0" encoding="UTF-8"?>
<!-- Generated by org.testng.reporters.JUnitReportReporter -->
<testsuite hostname="DESKTOP-QOG1AO3" failures="0" tests="2" name="Batchexecution.Demo1" time="0.012" errors="0" timestamp="2023-11-07T20:10:15 IST" skipped="1">
  <testcase classname="Batchexecution.Demo1" name="TC2" time="0.012">
    <system-out>
      <![CDATA[Running TC2]]>
    </system-out>
  </testcase> <!-- TC2 -->
  <testcase classname="Batchexecution.Demo1" name="TC1">
    <skipped/>
  </testcase> <!-- TC1 -->
  <system-out>
    <![CDATA[Running TC2]]>
  </system-out>
</testsuite> <!-- Batchexecution.Demo1 -->
