<?xml version="1.0" encoding="UTF-8"?>
<!-- Generated by org.testng.reporters.JUnitReportReporter -->
<testsuite hostname="DESKTOP-QOG1AO3" failures="0" tests="2" name="Batchexecution.Sample1" time="0.018" errors="0" timestamp="2023-11-05T15:32:48 IST" skipped="0">
  <testcase classname="Batchexecution.Sample1" name="TC2" time="0.013">
    <system-out>
      <![CDATA[Running TC2]]>
    </system-out>
  </testcase> <!-- TC2 -->
  <testcase classname="Batchexecution.Sample1" name="TC1" time="0.005">
    <system-out>
      <![CDATA[Running TC1]]>
    </system-out>
  </testcase> <!-- TC1 -->
  <system-out>
    <![CDATA[Running TC3
Running TC4
Running TC5
Running TC6
Running TC1
Running TC2]]>
  </system-out>
</testsuite> <!-- Batchexecution.Sample1 -->
