<?xml version="1.0" encoding="UTF-8"?>
<!-- Generated by org.testng.reporters.JUnitReportReporter -->
<testsuite hostname="DESKTOP-QOG1AO3" failures="0" tests="1" name="Parallel_Testing.Parallel2" time="10.899" errors="0" timestamp="2023-11-05T16:53:24 IST" skipped="0">
  <testcase classname="Parallel_Testing.Parallel2" name="m1" time="10.899"/>
</testsuite> <!-- Parallel_Testing.Parallel2 -->
